Arguments: 
  D:\Program Files\nodejs\node.exe D:\Program Files\nodejs\node_modules\yarn\bin\yarn.js add webpack@latest

PATH: 
  E:\Program Files\cmder\bin;E:\Program Files\cmder\vendor\msysgit\bin;E:\Program Files\cmder\vendor\msysgit\mingw\bin;E:\Program Files\cmder\vendor\msysgit\cmd;E:\Program Files\cmder\vendor\msysgit\share\vim\vim74;E:\Program Files\cmder;E:\Program Files\cmder\vendor\conemu-maximus5\ConEmu;E:\Program Files\cmder\vendor\conemu-maximus5;D:\Program Files\ImageMagick-7.0.4-Q16;C:\WINDOWS\system32;C:\WINDOWS;C:\WINDOWS\System32\Wbem;C:\WINDOWS\System32\WindowsPowerShell\v1.0\;E:\Program Files\Java\jdk1.8.0\bin;E:\Program Files\Java\jdk1.8.0\jre\bin;E:\Program Files\MySQL\MySQL Server 5.6\bin;E:\Program Files\Python3;E:\Program Files (x86)\Git\bin;D:\Program Files\nodejs\;D:\HashiCorp\Vagrant\bin;E:\Program Files\Python3;C:\Users\Administrator\AppData\Local\Code\bin;C:\Users\Administrator\AppData\Local\atom\bin;C:\Users\Administrator\AppData\Roaming\npm;D:\Program Files (x86)\Microsoft VS Code\bin;C:\Users\Administrator\AppData\Local\Microsoft\WindowsApps;D:\work;

Yarn version: 
  0.16.1

Node version: 
  5.11.1

Platform: 
  win32 x64

npm manifest: 
  {
    "name": "Tailor",
    "version": "1.0",
    "description": "tailor for toursforfun frontend",
    "main": "webpack",
    "scripts": {
      "test": "test",
      "start": "webpack"
    },
    "repository": "http://git.tff.bz/leon.cai/febuilder.git",
    "keywords": [
      "toursforfun",
      "frontend",
      "webpack",
      "tailor"
    ],
    "author": "leon.cai@toursforfun.com",
    "license": "ISC",
    "devDependencies": {
      "clean-webpack-plugin": "^0.1.16",
      "css-loader": "^0.28.4",
      "extract-text-webpack-plugin": "^2.1.2",
      "glob": "^7.1.2",
      "html-webpack-plugin": "^2.29.0",
      "html-webpack-replaceurl-plugin": "^1.0.0",
      "less": "^2.7.2",
      "less-loader": "^4.0.4",
      "postcss": "^6.0.4",
      "postcss-loader": "^2.0.6",
      "string-replace-webpack-plugin": "^0.1.3",
      "style-loader": "^0.18.2"
    }
  }

yarn manifest: 
  No manifest

bower manifest: 
  No manifest

Lockfile: 
  # THIS IS AN AUTOGENERATED FILE. DO NOT EDIT THIS FILE DIRECTLY.
  # yarn lockfile v1
  ajv@^4.9.1:
    version "4.11.8"
    resolved "https://registry.yarnpkg.com/ajv/-/ajv-4.11.8.tgz#82ffb02b29e662ae53bdc20af15947706739c536"
    dependencies:
      co "^4.6.0"
      json-stable-stringify "^1.0.1"
  
  ajv@^5.0.0:
    version "5.2.0"
    resolved "https://registry.yarnpkg.com/ajv/-/ajv-5.2.0.tgz#c1735024c5da2ef75cc190713073d44f098bf486"
    dependencies:
      co "^4.6.0"
      fast-deep-equal "^0.1.0"
      json-schema-traverse "^0.3.0"
      json-stable-stringify "^1.0.1"
  
  alphanum-sort@^1.0.1, alphanum-sort@^1.0.2:
    version "1.0.2"
    resolved "https://registry.yarnpkg.com/alphanum-sort/-/alphanum-sort-1.0.2.tgz#97a1119649b211ad33691d9f9f486a8ec9fbe0a3"
  
  amdefine@>=0.0.4:
    version "1.0.1"
    resolved "https://registry.yarnpkg.com/amdefine/-/amdefine-1.0.1.tgz#4a5282ac164729e93619bcfd3ad151f817ce91f5"
  
  ansi-regex@^2.0.0:
    version "2.1.1"
    resolved "https://registry.yarnpkg.com/ansi-regex/-/ansi-regex-2.1.1.tgz#c3b33ab5ee360d86e0e628f0468ae7ef27d654df"
  
  ansi-styles@^2.2.1:
    version "2.2.1"
    resolved "https://registry.yarnpkg.com/ansi-styles/-/ansi-styles-2.2.1.tgz#b432dd3358b634cf75e1e4664368240533c1ddbe"
  
  ansi-styles@^3.1.0:
    version "3.1.0"
    resolved "https://registry.yarnpkg.com/ansi-styles/-/ansi-styles-3.1.0.tgz#09c202d5c917ec23188caa5c9cb9179cd9547750"
    dependencies:
      color-convert "^1.0.0"
  
  argparse@^1.0.7:
    version "1.0.9"
    resolved "https://registry.yarnpkg.com/argparse/-/argparse-1.0.9.tgz#73d83bc263f86e97f8cc4f6bae1b0e90a7d22c86"
    dependencies:
      sprintf-js "~1.0.2"
  
  asap@~2.0.3:
    version "2.0.5"
    resolved "https://registry.yarnpkg.com/asap/-/asap-2.0.5.tgz#522765b50c3510490e52d7dcfe085ef9ba96958f"
  
  asn1@~0.2.3:
    version "0.2.3"
    resolved "https://registry.yarnpkg.com/asn1/-/asn1-0.2.3.tgz#dac8787713c9966849fc8180777ebe9c1ddf3b86"
  
  assert-plus@^0.2.0:
    version "0.2.0"
    resolved "https://registry.yarnpkg.com/assert-plus/-/assert-plus-0.2.0.tgz#d74e1b87e7affc0db8aadb7021f3fe48101ab234"
  
  assert-plus@^1.0.0, assert-plus@1.0.0:
    version "1.0.0"
    resolved "https://registry.yarnpkg.com/assert-plus/-/assert-plus-1.0.0.tgz#f12e0f3c5d77b0b1cdd9146942e4e96c1e4dd525"
  
  async@^2.1.2:
    version "2.5.0"
    resolved "https://registry.yarnpkg.com/async/-/async-2.5.0.tgz#843190fd6b7357a0b9e1c956edddd5ec8462b54d"
    dependencies:
      lodash "^4.14.0"
  
  async@~0.2.10:
    version "0.2.10"
    resolved "https://registry.yarnpkg.com/async/-/async-0.2.10.tgz#b6bbe0b0674b9d719708ca38de8c237cb526c3d1"
  
  asynckit@^0.4.0:
    version "0.4.0"
    resolved "https://registry.yarnpkg.com/asynckit/-/asynckit-0.4.0.tgz#c79ed97f7f34cb8f2ba1bc9790bcc366474b4b79"
  
  autoprefixer@^6.3.1:
    version "6.7.7"
    resolved "https://registry.yarnpkg.com/autoprefixer/-/autoprefixer-6.7.7.tgz#1dbd1c835658e35ce3f9984099db00585c782014"
    dependencies:
      browserslist "^1.7.6"
      caniuse-db "^1.0.30000634"
      normalize-range "^0.1.2"
      num2fraction "^1.2.2"
      postcss "^5.2.16"
      postcss-value-parser "^3.2.3"
  
  aws-sign2@~0.6.0:
    version "0.6.0"
    resolved "https://registry.yarnpkg.com/aws-sign2/-/aws-sign2-0.6.0.tgz#14342dd38dbcc94d0e5b87d763cd63612c0e794f"
  
  aws4@^1.2.1:
    version "1.6.0"
    resolved "https://registry.yarnpkg.com/aws4/-/aws4-1.6.0.tgz#83ef5ca860b2b32e4a0deedee8c771b9db57471e"
  
  babel-code-frame@^6.11.0:
    version "6.22.0"
    resolved "https://registry.yarnpkg.com/babel-code-frame/-/babel-code-frame-6.22.0.tgz#027620bee567a88c32561574e7fd0801d33118e4"
    dependencies:
      chalk "^1.1.0"
      esutils "^2.0.2"
      js-tokens "^3.0.0"
  
  balanced-match@^0.4.2:
    version "0.4.2"
    resolved "https://registry.yarnpkg.com/balanced-match/-/balanced-match-0.4.2.tgz#cb3f3e3c732dc0f01ee70b403f302e61d7709838"
  
  balanced-match@^1.0.0:
    version "1.0.0"
    resolved "https://registry.yarnpkg.com/balanced-match/-/balanced-match-1.0.0.tgz#89b4d199ab2bee49de164ea02b89ce462d71b767"
  
  bcrypt-pbkdf@^1.0.0:
    version "1.0.1"
    resolved "https://registry.yarnpkg.com/bcrypt-pbkdf/-/bcrypt-pbkdf-1.0.1.tgz#63bc5dcb61331b92bc05fd528953c33462a06f8d"
    dependencies:
      tweetnacl "^0.14.3"
  
  big.js@^3.1.3:
    version "3.1.3"
    resolved "https://registry.yarnpkg.com/big.js/-/big.js-3.1.3.tgz#4cada2193652eb3ca9ec8e55c9015669c9806978"
  
  bluebird@^3.4.7:
    version "3.5.0"
    resolved "https://registry.yarnpkg.com/bluebird/-/bluebird-3.5.0.tgz#791420d7f551eea2897453a8a77653f96606d67c"
  
  boolbase@~1.0.0:
    version "1.0.0"
    resolved "https://registry.yarnpkg.com/boolbase/-/boolbase-1.0.0.tgz#68dff5fbe60c51eb37725ea9e3ed310dcc1e776e"
  
  boom@2.x.x:
    version "2.10.1"
    resolved "https://registry.yarnpkg.com/boom/-/boom-2.10.1.tgz#39c8918ceff5799f83f9492a848f625add0c766f"
    dependencies:
      hoek "2.x.x"
  
  brace-expansion@^1.1.7:
    version "1.1.8"
    resolved "https://registry.yarnpkg.com/brace-expansion/-/brace-expansion-1.1.8.tgz#c07b211c7c952ec1f8efd51a77ef0d1d3990a292"
    dependencies:
      balanced-match "^1.0.0"
      concat-map "0.0.1"
  
  browserslist@^1.3.6, browserslist@^1.5.2, browserslist@^1.7.6:
    version "1.7.7"
    resolved "https://registry.yarnpkg.com/browserslist/-/browserslist-1.7.7.tgz#0bd76704258be829b2398bb50e4b62d1a166b0b9"
    dependencies:
      caniuse-db "^1.0.30000639"
      electron-to-chromium "^1.2.7"
  
  camel-case@3.0.x:
    version "3.0.0"
    resolved "https://registry.yarnpkg.com/camel-case/-/camel-case-3.0.0.tgz#ca3c3688a4e9cf3a4cda777dc4dcbc713249cf73"
    dependencies:
      no-case "^2.2.0"
      upper-case "^1.1.1"
  
  caniuse-api@^1.5.2:
    version "1.6.1"
    resolved "https://registry.yarnpkg.com/caniuse-api/-/caniuse-api-1.6.1.tgz#b534e7c734c4f81ec5fbe8aca2ad24354b962c6c"
    dependencies:
      browserslist "^1.3.6"
      caniuse-db "^1.0.30000529"
      lodash.memoize "^4.1.2"
      lodash.uniq "^4.5.0"
  
  caniuse-db@^1.0.30000529, caniuse-db@^1.0.30000634, caniuse-db@^1.0.30000639:
    version "1.0.30000696"
    resolved "https://registry.yarnpkg.com/caniuse-db/-/caniuse-db-1.0.30000696.tgz#e71f5c61e1f96c7a3af4e791ac5db55e11737604"
  
  caseless@~0.12.0:
    version "0.12.0"
    resolved "https://registry.yarnpkg.com/caseless/-/caseless-0.12.0.tgz#1b681c21ff84033c826543090689420d187151dc"
  
  chalk@^1.1.0, chalk@^1.1.3:
    version "1.1.3"
    resolved "https://registry.yarnpkg.com/chalk/-/chalk-1.1.3.tgz#a8115c55e4a702fe4d150abd3872822a7e09fc98"
    dependencies:
      ansi-styles "^2.2.1"
      escape-string-regexp "^1.0.2"
      has-ansi "^2.0.0"
      strip-ansi "^3.0.0"
      supports-color "^2.0.0"
  
  chalk@^2.0.1:
    version "2.0.1"
    resolved "https://registry.yarnpkg.com/chalk/-/chalk-2.0.1.tgz#dbec49436d2ae15f536114e76d14656cdbc0f44d"
    dependencies:
      ansi-styles "^3.1.0"
      escape-string-regexp "^1.0.5"
      supports-color "^4.0.0"
  
  clap@^1.0.9:
    version "1.2.0"
    resolved "https://registry.yarnpkg.com/clap/-/clap-1.2.0.tgz#59c90fe3e137104746ff19469a27a634ff68c857"
    dependencies:
      chalk "^1.1.3"
  
  clean-css@4.1.x:
    version "4.1.5"
    resolved "https://registry.yarnpkg.com/clean-css/-/clean-css-4.1.5.tgz#d09a87a02a5375117589796ae76a063cacdb541a"
    dependencies:
      source-map "0.5.x"
  
  clean-webpack-plugin@^0.1.16:
    version "0.1.16"
    resolved "https://registry.yarnpkg.com/clean-webpack-plugin/-/clean-webpack-plugin-0.1.16.tgz#422a8e150bf3d5abfd3d14bfacb070e80fb2e23f"
    dependencies:
      rimraf "~2.5.1"
  
  clone@^1.0.2:
    version "1.0.2"
    resolved "https://registry.yarnpkg.com/clone/-/clone-1.0.2.tgz#260b7a99ebb1edfe247538175f783243cb19d149"
  
  clone@^2.1.1:
    version "2.1.1"
    resolved "https://registry.yarnpkg.com/clone/-/clone-2.1.1.tgz#d217d1e961118e3ac9a4b8bba3285553bf647cdb"
  
  co@^4.6.0:
    version "4.6.0"
    resolved "https://registry.yarnpkg.com/co/-/co-4.6.0.tgz#6ea6bdf3d853ae54ccb8e47bfa0bf3f9031fb184"
  
  coa@~1.0.1:
    version "1.0.3"
    resolved "https://registry.yarnpkg.com/coa/-/coa-1.0.3.tgz#1b54a5e1dcf77c990455d4deea98c564416dc893"
    dependencies:
      q "^1.1.2"
  
  color-convert@^1.0.0, color-convert@^1.3.0:
    version "1.9.0"
    resolved "https://registry.yarnpkg.com/color-convert/-/color-convert-1.9.0.tgz#1accf97dd739b983bf994d56fec8f95853641b7a"
    dependencies:
      color-name "^1.1.1"
  
  color-name@^1.0.0, color-name@^1.1.1:
    version "1.1.2"
    resolved "https://registry.yarnpkg.com/color-name/-/color-name-1.1.2.tgz#5c8ab72b64bd2215d617ae9559ebb148475cf98d"
  
  color-string@^0.3.0:
    version "0.3.0"
    resolved "https://registry.yarnpkg.com/color-string/-/color-string-0.3.0.tgz#27d46fb67025c5c2fa25993bfbf579e47841b991"
    dependencies:
      color-name "^1.0.0"
  
  color@^0.11.0:
    version "0.11.4"
    resolved "https://registry.yarnpkg.com/color/-/color-0.11.4.tgz#6d7b5c74fb65e841cd48792ad1ed5e07b904d764"
    dependencies:
      clone "^1.0.2"
      color-convert "^1.3.0"
      color-string "^0.3.0"
  
  colormin@^1.0.5:
    version "1.1.2"
    resolved "https://registry.yarnpkg.com/colormin/-/colormin-1.1.2.tgz#ea2f7420a72b96881a38aae59ec124a6f7298133"
    dependencies:
      color "^0.11.0"
      css-color-names "0.0.4"
      has "^1.0.1"
  
  colors@~1.1.2:
    version "1.1.2"
    resolved "https://registry.yarnpkg.com/colors/-/colors-1.1.2.tgz#168a4701756b6a7f51a12ce0c97bfa28c084ed63"
  
  combined-stream@^1.0.5, combined-stream@~1.0.5:
    version "1.0.5"
    resolved "https://registry.yarnpkg.com/combined-stream/-/combined-stream-1.0.5.tgz#938370a57b4a51dea2c77c15d5c5fdf895164009"
    dependencies:
      delayed-stream "~1.0.0"
  
  commander@~2.9.0, commander@2.9.x:
    version "2.9.0"
    resolved "https://registry.yarnpkg.com/commander/-/commander-2.9.0.tgz#9c99094176e12240cb22d6c5146098400fe0f7d4"
    dependencies:
      graceful-readlink ">= 1.0.0"
  
  concat-map@0.0.1:
    version "0.0.1"
    resolved "https://registry.yarnpkg.com/concat-map/-/concat-map-0.0.1.tgz#d8a96bd77fd68df7793a73036a3ba0d5405d477b"
  
  core-util-is@~1.0.0:
    version "1.0.2"
    resolved "https://registry.yarnpkg.com/core-util-is/-/core-util-is-1.0.2.tgz#b5fd54220aa2bc5ab57aab7140c940754503c1a7"
  
  cosmiconfig@^2.1.0, cosmiconfig@^2.1.1:
    version "2.1.3"
    resolved "https://registry.yarnpkg.com/cosmiconfig/-/cosmiconfig-2.1.3.tgz#952771eb0dddc1cb3fa2f6fbe51a522e93b3ee0a"
    dependencies:
      is-directory "^0.3.1"
      js-yaml "^3.4.3"
      minimist "^1.2.0"
      object-assign "^4.1.0"
      os-homedir "^1.0.1"
      parse-json "^2.2.0"
      require-from-string "^1.1.0"
  
  cryptiles@2.x.x:
    version "2.0.5"
    resolved "https://registry.yarnpkg.com/cryptiles/-/cryptiles-2.0.5.tgz#3bdfecdc608147c1c67202fa291e7dca59eaa3b8"
    dependencies:
      boom "2.x.x"
  
  css-color-names@0.0.4:
    version "0.0.4"
    resolved "https://registry.yarnpkg.com/css-color-names/-/css-color-names-0.0.4.tgz#808adc2e79cf84738069b646cb20ec27beb629e0"
  
  css-loader:
    version "0.28.4"
    resolved "https://registry.yarnpkg.com/css-loader/-/css-loader-0.28.4.tgz#6cf3579192ce355e8b38d5f42dd7a1f2ec898d0f"
    dependencies:
      babel-code-frame "^6.11.0"
      css-selector-tokenizer "^0.7.0"
      cssnano ">=2.6.1 <4"
      icss-utils "^2.1.0"
      loader-utils "^1.0.2"
      lodash.camelcase "^4.3.0"
      object-assign "^4.0.1"
      postcss "^5.0.6"
      postcss-modules-extract-imports "^1.0.0"
      postcss-modules-local-by-default "^1.0.1"
      postcss-modules-scope "^1.0.0"
      postcss-modules-values "^1.1.0"
      postcss-value-parser "^3.3.0"
      source-list-map "^0.1.7"
  
  css-loader@^0.9.1:
    version "0.9.1"
    resolved "https://registry.yarnpkg.com/css-loader/-/css-loader-0.9.1.tgz#2e1aa00ce7e30ef2c6a7a4b300a080a7c979e0dc"
    dependencies:
      csso "1.3.x"
      loader-utils "~0.2.2"
      source-map "~0.1.38"
  
  css-select@^1.1.0:
    version "1.2.0"
    resolved "https://registry.yarnpkg.com/css-select/-/css-select-1.2.0.tgz#2b3a110539c5355f1cd8d314623e870b121ec858"
    dependencies:
      boolbase "~1.0.0"
      css-what "2.1"
      domutils "1.5.1"
      nth-check "~1.0.1"
  
  css-selector-tokenizer@^0.7.0:
    version "0.7.0"
    resolved "https://registry.yarnpkg.com/css-selector-tokenizer/-/css-selector-tokenizer-0.7.0.tgz#e6988474ae8c953477bf5e7efecfceccd9cf4c86"
    dependencies:
      cssesc "^0.1.0"
      fastparse "^1.1.1"
      regexpu-core "^1.0.0"
  
  css-what@2.1:
    version "2.1.0"
    resolved "https://registry.yarnpkg.com/css-what/-/css-what-2.1.0.tgz#9467d032c38cfaefb9f2d79501253062f87fa1bd"
  
  cssesc@^0.1.0:
    version "0.1.0"
    resolved "https://registry.yarnpkg.com/cssesc/-/cssesc-0.1.0.tgz#c814903e45623371a0477b40109aaafbeeaddbb4"
  
  "cssnano@>=2.6.1 <4":
    version "3.10.0"
    resolved "https://registry.yarnpkg.com/cssnano/-/cssnano-3.10.0.tgz#4f38f6cea2b9b17fa01490f23f1dc68ea65c1c38"
    dependencies:
      autoprefixer "^6.3.1"
      decamelize "^1.1.2"
      defined "^1.0.0"
      has "^1.0.1"
      object-assign "^4.0.1"
      postcss "^5.0.14"
      postcss-calc "^5.2.0"
      postcss-colormin "^2.1.8"
      postcss-convert-values "^2.3.4"
      postcss-discard-comments "^2.0.4"
      postcss-discard-duplicates "^2.0.1"
      postcss-discard-empty "^2.0.1"
      postcss-discard-overridden "^0.1.1"
      postcss-discard-unused "^2.2.1"
      postcss-filter-plugins "^2.0.0"
      postcss-merge-idents "^2.1.5"
      postcss-merge-longhand "^2.0.1"
      postcss-merge-rules "^2.0.3"
      postcss-minify-font-values "^1.0.2"
      postcss-minify-gradients "^1.0.1"
      postcss-minify-params "^1.0.4"
      postcss-minify-selectors "^2.0.4"
      postcss-normalize-charset "^1.1.0"
      postcss-normalize-url "^3.0.7"
      postcss-ordered-values "^2.1.0"
      postcss-reduce-idents "^2.2.2"
      postcss-reduce-initial "^1.0.0"
      postcss-reduce-transforms "^1.0.3"
      postcss-svgo "^2.1.1"
      postcss-unique-selectors "^2.0.2"
      postcss-value-parser "^3.2.3"
      postcss-zindex "^2.0.1"
  
  csso@~2.3.1:
    version "2.3.2"
    resolved "https://registry.yarnpkg.com/csso/-/csso-2.3.2.tgz#ddd52c587033f49e94b71fc55569f252e8ff5f85"
    dependencies:
      clap "^1.0.9"
      source-map "^0.5.3"
  
  csso@1.3.x:
    version "1.3.12"
    resolved "https://registry.yarnpkg.com/csso/-/csso-1.3.12.tgz#fc628694a2d38938aaac4996753218fd311cdb9e"
  
  dashdash@^1.12.0:
    version "1.14.1"
    resolved "https://registry.yarnpkg.com/dashdash/-/dashdash-1.14.1.tgz#853cfa0f7cbe2fed5de20326b8dd581035f6e2f0"
    dependencies:
      assert-plus "^1.0.0"
  
  decamelize@^1.1.2:
    version "1.2.0"
    resolved "https://registry.yarnpkg.com/decamelize/-/decamelize-1.2.0.tgz#f6534d15148269b20352e7bee26f501f9a191290"
  
  defined@^1.0.0:
    version "1.0.0"
    resolved "https://registry.yarnpkg.com/defined/-/defined-1.0.0.tgz#c98d9bcef75674188e110969151199e39b1fa693"
  
  delayed-stream@~1.0.0:
    version "1.0.0"
    resolved "https://registry.yarnpkg.com/delayed-stream/-/delayed-stream-1.0.0.tgz#df3ae199acadfb7d440aaae0b29e2272b24ec619"
  
  dom-converter@~0.1:
    version "0.1.4"
    resolved "https://registry.yarnpkg.com/dom-converter/-/dom-converter-0.1.4.tgz#a45ef5727b890c9bffe6d7c876e7b19cb0e17f3b"
    dependencies:
      utila "~0.3"
  
  dom-serializer@0:
    version "0.1.0"
    resolved "https://registry.yarnpkg.com/dom-serializer/-/dom-serializer-0.1.0.tgz#073c697546ce0780ce23be4a28e293e40bc30c82"
    dependencies:
      domelementtype "~1.1.1"
      entities "~1.1.1"
  
  domelementtype@~1.1.1:
    version "1.1.3"
    resolved "https://registry.yarnpkg.com/domelementtype/-/domelementtype-1.1.3.tgz#bd28773e2642881aec51544924299c5cd822185b"
  
  domelementtype@1:
    version "1.3.0"
    resolved "https://registry.yarnpkg.com/domelementtype/-/domelementtype-1.3.0.tgz#b17aed82e8ab59e52dd9c19b1756e0fc187204c2"
  
  domhandler@2.1:
    version "2.1.0"
    resolved "https://registry.yarnpkg.com/domhandler/-/domhandler-2.1.0.tgz#d2646f5e57f6c3bab11cf6cb05d3c0acf7412594"
    dependencies:
      domelementtype "1"
  
  domutils@1.1:
    version "1.1.6"
    resolved "https://registry.yarnpkg.com/domutils/-/domutils-1.1.6.tgz#bddc3de099b9a2efacc51c623f28f416ecc57485"
    dependencies:
      domelementtype "1"
  
  domutils@1.5.1:
    version "1.5.1"
    resolved "https://registry.yarnpkg.com/domutils/-/domutils-1.5.1.tgz#dcd8488a26f563d61079e48c9f7b7e32373682cf"
    dependencies:
      dom-serializer "0"
      domelementtype "1"
  
  ecc-jsbn@~0.1.1:
    version "0.1.1"
    resolved "https://registry.yarnpkg.com/ecc-jsbn/-/ecc-jsbn-0.1.1.tgz#0fc73a9ed5f0d53c38193398523ef7e543777505"
    dependencies:
      jsbn "~0.1.0"
  
  electron-to-chromium@^1.2.7:
    version "1.3.15"
    resolved "https://registry.yarnpkg.com/electron-to-chromium/-/electron-to-chromium-1.3.15.tgz#08397934891cbcfaebbd18b82a95b5a481138369"
  
  emojis-list@^2.0.0:
    version "2.1.0"
    resolved "https://registry.yarnpkg.com/emojis-list/-/emojis-list-2.1.0.tgz#4daa4d9db00f9819880c79fa457ae5b09a1fd389"
  
  entities@~1.1.1:
    version "1.1.1"
    resolved "https://registry.yarnpkg.com/entities/-/entities-1.1.1.tgz#6e5c2d0a5621b5dadaecef80b90edfb5cd7772f0"
  
  errno@^0.1.1:
    version "0.1.4"
    resolved "https://registry.yarnpkg.com/errno/-/errno-0.1.4.tgz#b896e23a9e5e8ba33871fc996abd3635fc9a1c7d"
    dependencies:
      prr "~0.0.0"
  
  error-ex@^1.2.0:
    version "1.3.1"
    resolved "https://registry.yarnpkg.com/error-ex/-/error-ex-1.3.1.tgz#f855a86ce61adc4e8621c3cda21e7a7612c3a8dc"
    dependencies:
      is-arrayish "^0.2.1"
  
  escape-string-regexp@^1.0.2, escape-string-regexp@^1.0.5:
    version "1.0.5"
    resolved "https://registry.yarnpkg.com/escape-string-regexp/-/escape-string-regexp-1.0.5.tgz#1b61c0562190a8dff6ae3bb2cf0200ca130b86d4"
  
  esprima@^2.6.0:
    version "2.7.3"
    resolved "https://registry.yarnpkg.com/esprima/-/esprima-2.7.3.tgz#96e3b70d5779f6ad49cd032673d1c312767ba581"
  
  esprima@^3.1.1:
    version "3.1.3"
    resolved "https://registry.yarnpkg.com/esprima/-/esprima-3.1.3.tgz#fdca51cee6133895e3c88d535ce49dbff62a4633"
  
  esutils@^2.0.2:
    version "2.0.2"
    resolved "https://registry.yarnpkg.com/esutils/-/esutils-2.0.2.tgz#0abf4f1caa5bcb1f7a9d8acc6dea4faaa04bac9b"
  
  extend@~3.0.0:
    version "3.0.1"
    resolved "https://registry.yarnpkg.com/extend/-/extend-3.0.1.tgz#a755ea7bc1adfcc5a31ce7e762dbaadc5e636444"
  
  extract-text-webpack-plugin:
    version "2.1.2"
    resolved "https://registry.yarnpkg.com/extract-text-webpack-plugin/-/extract-text-webpack-plugin-2.1.2.tgz#756ef4efa8155c3681833fbc34da53b941746d6c"
    dependencies:
      async "^2.1.2"
      loader-utils "^1.0.2"
      schema-utils "^0.3.0"
      webpack-sources "^1.0.1"
  
  extsprintf@1.0.2:
    version "1.0.2"
    resolved "https://registry.yarnpkg.com/extsprintf/-/extsprintf-1.0.2.tgz#e1080e0658e300b06294990cc70e1502235fd550"
  
  fast-deep-equal@^0.1.0:
    version "0.1.0"
    resolved "https://registry.yarnpkg.com/fast-deep-equal/-/fast-deep-equal-0.1.0.tgz#5c6f4599aba6b333ee3342e2ed978672f1001f8d"
  
  fastparse@^1.1.1:
    version "1.1.1"
    resolved "https://registry.yarnpkg.com/fastparse/-/fastparse-1.1.1.tgz#d1e2643b38a94d7583b479060e6c4affc94071f8"
  
  file-loader@^0.8.1:
    version "0.8.5"
    resolved "https://registry.yarnpkg.com/file-loader/-/file-loader-0.8.5.tgz#9275d031fe780f27d47f5f4af02bd43713cc151b"
    dependencies:
      loader-utils "~0.2.5"
  
  flatten@^1.0.2:
    version "1.0.2"
    resolved "https://registry.yarnpkg.com/flatten/-/flatten-1.0.2.tgz#dae46a9d78fbe25292258cc1e780a41d95c03782"
  
  forever-agent@~0.6.1:
    version "0.6.1"
    resolved "https://registry.yarnpkg.com/forever-agent/-/forever-agent-0.6.1.tgz#fbc71f0c41adeb37f96c577ad1ed42d8fdacca91"
  
  form-data@~2.1.1:
    version "2.1.4"
    resolved "https://registry.yarnpkg.com/form-data/-/form-data-2.1.4.tgz#33c183acf193276ecaa98143a69e94bfee1750d1"
    dependencies:
      asynckit "^0.4.0"
      combined-stream "^1.0.5"
      mime-types "^2.1.12"
  
  fs.realpath@^1.0.0:
    version "1.0.0"
    resolved "https://registry.yarnpkg.com/fs.realpath/-/fs.realpath-1.0.0.tgz#1504ad2523158caa40db4a2787cb01411994ea4f"
  
  function-bind@^1.0.2:
    version "1.1.0"
    resolved "https://registry.yarnpkg.com/function-bind/-/function-bind-1.1.0.tgz#16176714c801798e4e8f2cf7f7529467bb4a5771"
  
  getpass@^0.1.1:
    version "0.1.7"
    resolved "https://registry.yarnpkg.com/getpass/-/getpass-0.1.7.tgz#5eff8e3e684d569ae4cb2b1282604e8ba62149fa"
    dependencies:
      assert-plus "^1.0.0"
  
  glob@^7.0.5, glob@^7.1.2:
    version "7.1.2"
    resolved "https://registry.yarnpkg.com/glob/-/glob-7.1.2.tgz#c19c9df9a028702d678612384a6552404c636d15"
    dependencies:
      fs.realpath "^1.0.0"
      inflight "^1.0.4"
      inherits "2"
      minimatch "^3.0.4"
      once "^1.3.0"
      path-is-absolute "^1.0.0"
  
  graceful-fs@^4.1.2:
    version "4.1.11"
    resolved "https://registry.yarnpkg.com/graceful-fs/-/graceful-fs-4.1.11.tgz#0e8bdfe4d1ddb8854d64e04ea7c00e2a026e5658"
  
  "graceful-readlink@>= 1.0.0":
    version "1.0.1"
    resolved "https://registry.yarnpkg.com/graceful-readlink/-/graceful-readlink-1.0.1.tgz#4cafad76bc62f02fa039b2f94e9a3dd3a391a725"
  
  har-schema@^1.0.5:
    version "1.0.5"
    resolved "https://registry.yarnpkg.com/har-schema/-/har-schema-1.0.5.tgz#d263135f43307c02c602afc8fe95970c0151369e"
  
  har-validator@~4.2.1:
    version "4.2.1"
    resolved "https://registry.yarnpkg.com/har-validator/-/har-validator-4.2.1.tgz#33481d0f1bbff600dd203d75812a6a5fba002e2a"
    dependencies:
      ajv "^4.9.1"
      har-schema "^1.0.5"
  
  has-ansi@^2.0.0:
    version "2.0.0"
    resolved "https://registry.yarnpkg.com/has-ansi/-/has-ansi-2.0.0.tgz#34f5049ce1ecdf2b0649af3ef24e45ed35416d91"
    dependencies:
      ansi-regex "^2.0.0"
  
  has-flag@^1.0.0:
    version "1.0.0"
    resolved "https://registry.yarnpkg.com/has-flag/-/has-flag-1.0.0.tgz#9d9e793165ce017a00f00418c43f942a7b1d11fa"
  
  has-flag@^2.0.0:
    version "2.0.0"
    resolved "https://registry.yarnpkg.com/has-flag/-/has-flag-2.0.0.tgz#e8207af1cc7b30d446cc70b734b5e8be18f88d51"
  
  has@^1.0.1:
    version "1.0.1"
    resolved "https://registry.yarnpkg.com/has/-/has-1.0.1.tgz#8461733f538b0837c9361e39a9ab9e9704dc2f28"
    dependencies:
      function-bind "^1.0.2"
  
  hawk@~3.1.3:
    version "3.1.3"
    resolved "https://registry.yarnpkg.com/hawk/-/hawk-3.1.3.tgz#078444bd7c1640b0fe540d2c9b73d59678e8e1c4"
    dependencies:
      boom "2.x.x"
      cryptiles "2.x.x"
      hoek "2.x.x"
      sntp "1.x.x"
  
  he@1.1.x:
    version "1.1.1"
    resolved "https://registry.yarnpkg.com/he/-/he-1.1.1.tgz#93410fd21b009735151f8868c2f271f3427e23fd"
  
  hoek@2.x.x:
    version "2.16.3"
    resolved "https://registry.yarnpkg.com/hoek/-/hoek-2.16.3.tgz#20bb7403d3cea398e91dc4710a8ff1b8274a25ed"
  
  html-comment-regex@^1.1.0:
    version "1.1.1"
    resolved "https://registry.yarnpkg.com/html-comment-regex/-/html-comment-regex-1.1.1.tgz#668b93776eaae55ebde8f3ad464b307a4963625e"
  
  html-minifier@^3.2.3:
    version "3.5.2"
    resolved "https://registry.yarnpkg.com/html-minifier/-/html-minifier-3.5.2.tgz#d73bc3ff448942408818ce609bf3fb0ea7ef4eb7"
    dependencies:
      camel-case "3.0.x"
      clean-css "4.1.x"
      commander "2.9.x"
      he "1.1.x"
      ncname "1.0.x"
      param-case "2.1.x"
      relateurl "0.2.x"
      uglify-js "3.0.x"
  
  html-webpack-plugin@^2.29.0:
    version "2.29.0"
    resolved "https://registry.yarnpkg.com/html-webpack-plugin/-/html-webpack-plugin-2.29.0.tgz#e987f421853d3b6938c8c4c8171842e5fd17af23"
    dependencies:
      bluebird "^3.4.7"
      html-minifier "^3.2.3"
      loader-utils "^0.2.16"
      lodash "^4.17.3"
      pretty-error "^2.0.2"
      toposort "^1.0.0"
  
  html-webpack-replaceurl-plugin@^1.0.0:
    version "1.0.0"
    resolved "https://registry.yarnpkg.com/html-webpack-replaceurl-plugin/-/html-webpack-replaceurl-plugin-1.0.0.tgz#67d85c5bbe305bcfadf0ca9b3585c278b07a3d28"
    dependencies:
      lodash "^4.13.1"
  
  htmlparser2@~3.3.0:
    version "3.3.0"
    resolved "https://registry.yarnpkg.com/htmlparser2/-/htmlparser2-3.3.0.tgz#cc70d05a59f6542e43f0e685c982e14c924a9efe"
    dependencies:
      domelementtype "1"
      domhandler "2.1"
      domutils "1.1"
      readable-stream "1.0"
  
  http-signature@~1.1.0:
    version "1.1.1"
    resolved "https://registry.yarnpkg.com/http-signature/-/http-signature-1.1.1.tgz#df72e267066cd0ac67fb76adf8e134a8fbcf91bf"
    dependencies:
      assert-plus "^0.2.0"
      jsprim "^1.2.2"
      sshpk "^1.7.0"
  
  icss-replace-symbols@^1.1.0:
    version "1.1.0"
    resolved "https://registry.yarnpkg.com/icss-replace-symbols/-/icss-replace-symbols-1.1.0.tgz#06ea6f83679a7749e386cfe1fe812ae5db223ded"
  
  icss-utils@^2.1.0:
    version "2.1.0"
    resolved "https://registry.yarnpkg.com/icss-utils/-/icss-utils-2.1.0.tgz#83f0a0ec378bf3246178b6c2ad9136f135b1c962"
    dependencies:
      postcss "^6.0.1"
  
  image-size@~0.5.0:
    version "0.5.5"
    resolved "https://registry.yarnpkg.com/image-size/-/image-size-0.5.5.tgz#09dfd4ab9d20e29eb1c3e80b8990378df9e3cb9c"
  
  indexes-of@^1.0.1:
    version "1.0.1"
    resolved "https://registry.yarnpkg.com/indexes-of/-/indexes-of-1.0.1.tgz#f30f716c8e2bd346c7b67d3df3915566a7c05607"
  
  inflight@^1.0.4:
    version "1.0.6"
    resolved "https://registry.yarnpkg.com/inflight/-/inflight-1.0.6.tgz#49bd6331d7d02d0c09bc910a1075ba8165b56df9"
    dependencies:
      once "^1.3.0"
      wrappy "1"
  
  inherits@~2.0.1, inherits@2:
    version "2.0.3"
    resolved "https://registry.yarnpkg.com/inherits/-/inherits-2.0.3.tgz#633c2c83e3da42a502f52466022480f4208261de"
  
  is-absolute-url@^2.0.0:
    version "2.1.0"
    resolved "https://registry.yarnpkg.com/is-absolute-url/-/is-absolute-url-2.1.0.tgz#50530dfb84fcc9aa7dbe7852e83a37b93b9f2aa6"
  
  is-arrayish@^0.2.1:
    version "0.2.1"
    resolved "https://registry.yarnpkg.com/is-arrayish/-/is-arrayish-0.2.1.tgz#77c99840527aa8ecb1a8ba697b80645a7a926a9d"
  
  is-directory@^0.3.1:
    version "0.3.1"
    resolved "https://registry.yarnpkg.com/is-directory/-/is-directory-0.3.1.tgz#61339b6f2475fc772fd9c9d83f5c8575dc154ae1"
  
  is-plain-obj@^1.0.0:
    version "1.1.0"
    resolved "https://registry.yarnpkg.com/is-plain-obj/-/is-plain-obj-1.1.0.tgz#71a50c8429dfca773c92a390a4a03b39fcd51d3e"
  
  is-svg@^2.0.0:
    version "2.1.0"
    resolved "https://registry.yarnpkg.com/is-svg/-/is-svg-2.1.0.tgz#cf61090da0d9efbcab8722deba6f032208dbb0e9"
    dependencies:
      html-comment-regex "^1.1.0"
  
  is-typedarray@~1.0.0:
    version "1.0.0"
    resolved "https://registry.yarnpkg.com/is-typedarray/-/is-typedarray-1.0.0.tgz#e479c80858df0c1b11ddda6940f96011fcda4a9a"
  
  isarray@0.0.1:
    version "0.0.1"
    resolved "https://registry.yarnpkg.com/isarray/-/isarray-0.0.1.tgz#8a18acfca9a8f4177e09abfc6038939b05d1eedf"
  
  isstream@~0.1.2:
    version "0.1.2"
    resolved "https://registry.yarnpkg.com/isstream/-/isstream-0.1.2.tgz#47e63f7af55afa6f92e1500e690eb8b8529c099a"
  
  js-base64@^2.1.9:
    version "2.1.9"
    resolved "https://registry.yarnpkg.com/js-base64/-/js-base64-2.1.9.tgz#f0e80ae039a4bd654b5f281fc93f04a914a7fcce"
  
  js-tokens@^3.0.0:
    version "3.0.2"
    resolved "https://registry.yarnpkg.com/js-tokens/-/js-tokens-3.0.2.tgz#9866df395102130e38f7f996bceb65443209c25b"
  
  js-yaml@^3.4.3:
    version "3.8.4"
    resolved "https://registry.yarnpkg.com/js-yaml/-/js-yaml-3.8.4.tgz#520b4564f86573ba96662af85a8cafa7b4b5a6f6"
    dependencies:
      argparse "^1.0.7"
      esprima "^3.1.1"
  
  js-yaml@~3.7.0:
    version "3.7.0"
    resolved "https://registry.yarnpkg.com/js-yaml/-/js-yaml-3.7.0.tgz#5c967ddd837a9bfdca5f2de84253abe8a1c03b80"
    dependencies:
      argparse "^1.0.7"
      esprima "^2.6.0"
  
  jsbn@~0.1.0:
    version "0.1.1"
    resolved "https://registry.yarnpkg.com/jsbn/-/jsbn-0.1.1.tgz#a5e654c2e5a2deb5f201d96cefbca80c0ef2f513"
  
  jsesc@~0.5.0:
    version "0.5.0"
    resolved "https://registry.yarnpkg.com/jsesc/-/jsesc-0.5.0.tgz#e7dee66e35d6fc16f710fe91d5cf69f70f08911d"
  
  json-schema-traverse@^0.3.0:
    version "0.3.1"
    resolved "https://registry.yarnpkg.com/json-schema-traverse/-/json-schema-traverse-0.3.1.tgz#349a6d44c53a51de89b40805c5d5e59b417d3340"
  
  json-schema@0.2.3:
    version "0.2.3"
    resolved "https://registry.yarnpkg.com/json-schema/-/json-schema-0.2.3.tgz#b480c892e59a2f05954ce727bd3f2a4e882f9e13"
  
  json-stable-stringify@^1.0.1:
    version "1.0.1"
    resolved "https://registry.yarnpkg.com/json-stable-stringify/-/json-stable-stringify-1.0.1.tgz#9a759d39c5f2ff503fd5300646ed445f88c4f9af"
    dependencies:
      jsonify "~0.0.0"
  
  json-stringify-safe@~5.0.1:
    version "5.0.1"
    resolved "https://registry.yarnpkg.com/json-stringify-safe/-/json-stringify-safe-5.0.1.tgz#1296a2d58fd45f19a0f6ce01d65701e2c735b6eb"
  
  json5@^0.5.0:
    version "0.5.1"
    resolved "https://registry.yarnpkg.com/json5/-/json5-0.5.1.tgz#1eade7acc012034ad84e2396767ead9fa5495821"
  
  jsonify@~0.0.0:
    version "0.0.0"
    resolved "https://registry.yarnpkg.com/jsonify/-/jsonify-0.0.0.tgz#2c74b6ee41d93ca51b7b5aaee8f503631d252a73"
  
  jsprim@^1.2.2:
    version "1.4.0"
    resolved "https://registry.yarnpkg.com/jsprim/-/jsprim-1.4.0.tgz#a3b87e40298d8c380552d8cc7628a0bb95a22918"
    dependencies:
      assert-plus "1.0.0"
      extsprintf "1.0.2"
      json-schema "0.2.3"
      verror "1.3.6"
  
  less:
    version "2.7.2"
    resolved "https://registry.yarnpkg.com/less/-/less-2.7.2.tgz#368d6cc73e1fb03981183280918743c5dcf9b3df"
    optionalDependencies:
      errno "^0.1.1"
      graceful-fs "^4.1.2"
      image-size "~0.5.0"
      mime "^1.2.11"
      mkdirp "^0.5.0"
      promise "^7.1.1"
      request "^2.72.0"
      source-map "^0.5.3"
  
  less-loader:
    version "4.0.4"
    resolved "https://registry.yarnpkg.com/less-loader/-/less-loader-4.0.4.tgz#b4a8c43843e65c67d2ea2eb1465b5c4233d5006a"
    dependencies:
      clone "^2.1.1"
      loader-utils "^1.1.0"
      pify "^2.3.0"
  
  loader-utils@^0.2.16, loader-utils@^0.2.5, loader-utils@~0.2.2, loader-utils@~0.2.3, loader-utils@~0.2.5:
    version "0.2.17"
    resolved "https://registry.yarnpkg.com/loader-utils/-/loader-utils-0.2.17.tgz#f86e6374d43205a6e6c60e9196f17c0299bfb348"
    dependencies:
      big.js "^3.1.3"
      emojis-list "^2.0.0"
      json5 "^0.5.0"
      object-assign "^4.0.1"
  
  loader-utils@^1.0.2, loader-utils@^1.1.0:
    version "1.1.0"
    resolved "https://registry.yarnpkg.com/loader-utils/-/loader-utils-1.1.0.tgz#c98aef488bcceda2ffb5e2de646d6a754429f5cd"
    dependencies:
      big.js "^3.1.3"
      emojis-list "^2.0.0"
      json5 "^0.5.0"
  
  lodash.camelcase@^4.3.0:
    version "4.3.0"
    resolved "https://registry.yarnpkg.com/lodash.camelcase/-/lodash.camelcase-4.3.0.tgz#b28aa6288a2b9fc651035c7711f65ab6190331a6"
  
  lodash.memoize@^4.1.2:
    version "4.1.2"
    resolved "https://registry.yarnpkg.com/lodash.memoize/-/lodash.memoize-4.1.2.tgz#bcc6c49a42a2840ed997f323eada5ecd182e0bfe"
  
  lodash.uniq@^4.5.0:
    version "4.5.0"
    resolved "https://registry.yarnpkg.com/lodash.uniq/-/lodash.uniq-4.5.0.tgz#d0225373aeb652adc1bc82e4945339a842754773"
  
  lodash@^4.13.1, lodash@^4.14.0, lodash@^4.17.3:
    version "4.17.4"
    resolved "https://registry.yarnpkg.com/lodash/-/lodash-4.17.4.tgz#78203a4d1c328ae1d86dca6460e369b57f4055ae"
  
  lower-case@^1.1.1:
    version "1.1.4"
    resolved "https://registry.yarnpkg.com/lower-case/-/lower-case-1.1.4.tgz#9a2cabd1b9e8e0ae993a4bf7d5875c39c42e8eac"
  
  macaddress@^0.2.8:
    version "0.2.8"
    resolved "https://registry.yarnpkg.com/macaddress/-/macaddress-0.2.8.tgz#5904dc537c39ec6dbefeae902327135fa8511f12"
  
  math-expression-evaluator@^1.2.14:
    version "1.2.17"
    resolved "https://registry.yarnpkg.com/math-expression-evaluator/-/math-expression-evaluator-1.2.17.tgz#de819fdbcd84dccd8fae59c6aeb79615b9d266ac"
  
  mime-db@~1.27.0:
    version "1.27.0"
    resolved "https://registry.yarnpkg.com/mime-db/-/mime-db-1.27.0.tgz#820f572296bbd20ec25ed55e5b5de869e5436eb1"
  
  mime-types@^2.1.12, mime-types@~2.1.7:
    version "2.1.15"
    resolved "https://registry.yarnpkg.com/mime-types/-/mime-types-2.1.15.tgz#a4ebf5064094569237b8cf70046776d09fc92aed"
    dependencies:
      mime-db "~1.27.0"
  
  mime@^1.2.11:
    version "1.3.6"
    resolved "https://registry.yarnpkg.com/mime/-/mime-1.3.6.tgz#591d84d3653a6b0b4a3b9df8de5aa8108e72e5e0"
  
  minimatch@^3.0.4:
    version "3.0.4"
    resolved "https://registry.yarnpkg.com/minimatch/-/minimatch-3.0.4.tgz#5166e286457f03306064be5497e8dbb0c3d32083"
    dependencies:
      brace-expansion "^1.1.7"
  
  minimist@^1.2.0:
    version "1.2.0"
    resolved "https://registry.yarnpkg.com/minimist/-/minimist-1.2.0.tgz#a35008b20f41383eec1fb914f4cd5df79a264284"
  
  minimist@0.0.8:
    version "0.0.8"
    resolved "https://registry.yarnpkg.com/minimist/-/minimist-0.0.8.tgz#857fcabfc3397d2625b8228262e86aa7a011b05d"
  
  mkdirp@^0.5.0, mkdirp@~0.5.1:
    version "0.5.1"
    resolved "https://registry.yarnpkg.com/mkdirp/-/mkdirp-0.5.1.tgz#30057438eac6cf7f8c4767f38648d6697d75c903"
    dependencies:
      minimist "0.0.8"
  
  ncname@1.0.x:
    version "1.0.0"
    resolved "https://registry.yarnpkg.com/ncname/-/ncname-1.0.0.tgz#5b57ad18b1ca092864ef62b0b1ed8194f383b71c"
    dependencies:
      xml-char-classes "^1.0.0"
  
  no-case@^2.2.0:
    version "2.3.1"
    resolved "https://registry.yarnpkg.com/no-case/-/no-case-2.3.1.tgz#7aeba1c73a52184265554b7dc03baf720df80081"
    dependencies:
      lower-case "^1.1.1"
  
  normalize-range@^0.1.2:
    version "0.1.2"
    resolved "https://registry.yarnpkg.com/normalize-range/-/normalize-range-0.1.2.tgz#2d10c06bdfd312ea9777695a4d28439456b75942"
  
  normalize-url@^1.4.0:
    version "1.9.1"
    resolved "https://registry.yarnpkg.com/normalize-url/-/normalize-url-1.9.1.tgz#2cc0d66b31ea23036458436e3620d85954c66c3c"
    dependencies:
      object-assign "^4.0.1"
      prepend-http "^1.0.0"
      query-string "^4.1.0"
      sort-keys "^1.0.0"
  
  nth-check@~1.0.1:
    version "1.0.1"
    resolved "https://registry.yarnpkg.com/nth-check/-/nth-check-1.0.1.tgz#9929acdf628fc2c41098deab82ac580cf149aae4"
    dependencies:
      boolbase "~1.0.0"
  
  num2fraction@^1.2.2:
    version "1.2.2"
    resolved "https://registry.yarnpkg.com/num2fraction/-/num2fraction-1.2.2.tgz#6f682b6a027a4e9ddfa4564cd2589d1d4e669ede"
  
  oauth-sign@~0.8.1:
    version "0.8.2"
    resolved "https://registry.yarnpkg.com/oauth-sign/-/oauth-sign-0.8.2.tgz#46a6ab7f0aead8deae9ec0565780b7d4efeb9d43"
  
  object-assign@^4.0.1, object-assign@^4.1.0:
    version "4.1.1"
    resolved "https://registry.yarnpkg.com/object-assign/-/object-assign-4.1.1.tgz#2109adc7965887cfc05cbbd442cac8bfbb360863"
  
  once@^1.3.0:
    version "1.4.0"
    resolved "https://registry.yarnpkg.com/once/-/once-1.4.0.tgz#583b1aa775961d4b113ac17d9c50baef9dd76bd1"
    dependencies:
      wrappy "1"
  
  os-homedir@^1.0.1:
    version "1.0.2"
    resolved "https://registry.yarnpkg.com/os-homedir/-/os-homedir-1.0.2.tgz#ffbc4988336e0e833de0c168c7ef152121aa7fb3"
  
  param-case@2.1.x:
    version "2.1.1"
    resolved "https://registry.yarnpkg.com/param-case/-/param-case-2.1.1.tgz#df94fd8cf6531ecf75e6bef9a0858fbc72be2247"
    dependencies:
      no-case "^2.2.0"
  
  parse-json@^2.2.0:
    version "2.2.0"
    resolved "https://registry.yarnpkg.com/parse-json/-/parse-json-2.2.0.tgz#f480f40434ef80741f8469099f8dea18f55a4dc9"
    dependencies:
      error-ex "^1.2.0"
  
  path-is-absolute@^1.0.0:
    version "1.0.1"
    resolved "https://registry.yarnpkg.com/path-is-absolute/-/path-is-absolute-1.0.1.tgz#174b9268735534ffbc7ace6bf53a5a9e1b5c5f5f"
  
  performance-now@^0.2.0:
    version "0.2.0"
    resolved "https://registry.yarnpkg.com/performance-now/-/performance-now-0.2.0.tgz#33ef30c5c77d4ea21c5a53869d91b56d8f2555e5"
  
  pify@^2.3.0:
    version "2.3.0"
    resolved "https://registry.yarnpkg.com/pify/-/pify-2.3.0.tgz#ed141a6ac043a849ea588498e7dca8b15330e90c"
  
  postcss-calc@^5.2.0:
    version "5.3.1"
    resolved "https://registry.yarnpkg.com/postcss-calc/-/postcss-calc-5.3.1.tgz#77bae7ca928ad85716e2fda42f261bf7c1d65b5e"
    dependencies:
      postcss "^5.0.2"
      postcss-message-helpers "^2.0.0"
      reduce-css-calc "^1.2.6"
  
  postcss-colormin@^2.1.8:
    version "2.2.2"
    resolved "https://registry.yarnpkg.com/postcss-colormin/-/postcss-colormin-2.2.2.tgz#6631417d5f0e909a3d7ec26b24c8a8d1e4f96e4b"
    dependencies:
      colormin "^1.0.5"
      postcss "^5.0.13"
      postcss-value-parser "^3.2.3"
  
  postcss-convert-values@^2.3.4:
    version "2.6.1"
    resolved "https://registry.yarnpkg.com/postcss-convert-values/-/postcss-convert-values-2.6.1.tgz#bbd8593c5c1fd2e3d1c322bb925dcae8dae4d62d"
    dependencies:
      postcss "^5.0.11"
      postcss-value-parser "^3.1.2"
  
  postcss-discard-comments@^2.0.4:
    version "2.0.4"
    resolved "https://registry.yarnpkg.com/postcss-discard-comments/-/postcss-discard-comments-2.0.4.tgz#befe89fafd5b3dace5ccce51b76b81514be00e3d"
    dependencies:
      postcss "^5.0.14"
  
  postcss-discard-duplicates@^2.0.1:
    version "2.1.0"
    resolved "https://registry.yarnpkg.com/postcss-discard-duplicates/-/postcss-discard-duplicates-2.1.0.tgz#b9abf27b88ac188158a5eb12abcae20263b91932"
    dependencies:
      postcss "^5.0.4"
  
  postcss-discard-empty@^2.0.1:
    version "2.1.0"
    resolved "https://registry.yarnpkg.com/postcss-discard-empty/-/postcss-discard-empty-2.1.0.tgz#d2b4bd9d5ced5ebd8dcade7640c7d7cd7f4f92b5"
    dependencies:
      postcss "^5.0.14"
  
  postcss-discard-overridden@^0.1.1:
    version "0.1.1"
    resolved "https://registry.yarnpkg.com/postcss-discard-overridden/-/postcss-discard-overridden-0.1.1.tgz#8b1eaf554f686fb288cd874c55667b0aa3668d58"
    dependencies:
      postcss "^5.0.16"
  
  postcss-discard-unused@^2.2.1:
    version "2.2.3"
    resolved "https://registry.yarnpkg.com/postcss-discard-unused/-/postcss-discard-unused-2.2.3.tgz#bce30b2cc591ffc634322b5fb3464b6d934f4433"
    dependencies:
      postcss "^5.0.14"
      uniqs "^2.0.0"
  
  postcss-filter-plugins@^2.0.0:
    version "2.0.2"
    resolved "https://registry.yarnpkg.com/postcss-filter-plugins/-/postcss-filter-plugins-2.0.2.tgz#6d85862534d735ac420e4a85806e1f5d4286d84c"
    dependencies:
      postcss "^5.0.4"
      uniqid "^4.0.0"
  
  postcss-load-config@^1.2.0:
    version "1.2.0"
    resolved "https://registry.yarnpkg.com/postcss-load-config/-/postcss-load-config-1.2.0.tgz#539e9afc9ddc8620121ebf9d8c3673e0ce50d28a"
    dependencies:
      cosmiconfig "^2.1.0"
      object-assign "^4.1.0"
      postcss-load-options "^1.2.0"
      postcss-load-plugins "^2.3.0"
  
  postcss-load-options@^1.2.0:
    version "1.2.0"
    resolved "https://registry.yarnpkg.com/postcss-load-options/-/postcss-load-options-1.2.0.tgz#b098b1559ddac2df04bc0bb375f99a5cfe2b6d8c"
    dependencies:
      cosmiconfig "^2.1.0"
      object-assign "^4.1.0"
  
  postcss-load-plugins@^2.3.0:
    version "2.3.0"
    resolved "https://registry.yarnpkg.com/postcss-load-plugins/-/postcss-load-plugins-2.3.0.tgz#745768116599aca2f009fad426b00175049d8d92"
    dependencies:
      cosmiconfig "^2.1.1"
      object-assign "^4.1.0"
  
  postcss-loader@^2.0.6:
    version "2.0.6"
    resolved "https://registry.yarnpkg.com/postcss-loader/-/postcss-loader-2.0.6.tgz#8c7e0055a3df1889abc6bad52dd45b2f41bbc6fc"
    dependencies:
      loader-utils "^1.1.0"
      postcss "^6.0.2"
      postcss-load-config "^1.2.0"
      schema-utils "^0.3.0"
  
  postcss-merge-idents@^2.1.5:
    version "2.1.7"
    resolved "https://registry.yarnpkg.com/postcss-merge-idents/-/postcss-merge-idents-2.1.7.tgz#4c5530313c08e1d5b3bbf3d2bbc747e278eea270"
    dependencies:
      has "^1.0.1"
      postcss "^5.0.10"
      postcss-value-parser "^3.1.1"
  
  postcss-merge-longhand@^2.0.1:
    version "2.0.2"
    resolved "https://registry.yarnpkg.com/postcss-merge-longhand/-/postcss-merge-longhand-2.0.2.tgz#23d90cd127b0a77994915332739034a1a4f3d658"
    dependencies:
      postcss "^5.0.4"
  
  postcss-merge-rules@^2.0.3:
    version "2.1.2"
    resolved "https://registry.yarnpkg.com/postcss-merge-rules/-/postcss-merge-rules-2.1.2.tgz#d1df5dfaa7b1acc3be553f0e9e10e87c61b5f721"
    dependencies:
      browserslist "^1.5.2"
      caniuse-api "^1.5.2"
      postcss "^5.0.4"
      postcss-selector-parser "^2.2.2"
      vendors "^1.0.0"
  
  postcss-message-helpers@^2.0.0:
    version "2.0.0"
    resolved "https://registry.yarnpkg.com/postcss-message-helpers/-/postcss-message-helpers-2.0.0.tgz#a4f2f4fab6e4fe002f0aed000478cdf52f9ba60e"
  
  postcss-minify-font-values@^1.0.2:
    version "1.0.5"
    resolved "https://registry.yarnpkg.com/postcss-minify-font-values/-/postcss-minify-font-values-1.0.5.tgz#4b58edb56641eba7c8474ab3526cafd7bbdecb69"
    dependencies:
      object-assign "^4.0.1"
      postcss "^5.0.4"
      postcss-value-parser "^3.0.2"
  
  postcss-minify-gradients@^1.0.1:
    version "1.0.5"
    resolved "https://registry.yarnpkg.com/postcss-minify-gradients/-/postcss-minify-gradients-1.0.5.tgz#5dbda11373703f83cfb4a3ea3881d8d75ff5e6e1"
    dependencies:
      postcss "^5.0.12"
      postcss-value-parser "^3.3.0"
  
  postcss-minify-params@^1.0.4:
    version "1.2.2"
    resolved "https://registry.yarnpkg.com/postcss-minify-params/-/postcss-minify-params-1.2.2.tgz#ad2ce071373b943b3d930a3fa59a358c28d6f1f3"
    dependencies:
      alphanum-sort "^1.0.1"
      postcss "^5.0.2"
      postcss-value-parser "^3.0.2"
      uniqs "^2.0.0"
  
  postcss-minify-selectors@^2.0.4:
    version "2.1.1"
    resolved "https://registry.yarnpkg.com/postcss-minify-selectors/-/postcss-minify-selectors-2.1.1.tgz#b2c6a98c0072cf91b932d1a496508114311735bf"
    dependencies:
      alphanum-sort "^1.0.2"
      has "^1.0.1"
      postcss "^5.0.14"
      postcss-selector-parser "^2.0.0"
  
  postcss-modules-extract-imports@^1.0.0:
    version "1.2.0"
    resolved "https://registry.yarnpkg.com/postcss-modules-extract-imports/-/postcss-modules-extract-imports-1.2.0.tgz#66140ecece38ef06bf0d3e355d69bf59d141ea85"
    dependencies:
      postcss "^6.0.1"
  
  postcss-modules-local-by-default@^1.0.1:
    version "1.2.0"
    resolved "https://registry.yarnpkg.com/postcss-modules-local-by-default/-/postcss-modules-local-by-default-1.2.0.tgz#f7d80c398c5a393fa7964466bd19500a7d61c069"
    dependencies:
      css-selector-tokenizer "^0.7.0"
      postcss "^6.0.1"
  
  postcss-modules-scope@^1.0.0:
    version "1.1.0"
    resolved "https://registry.yarnpkg.com/postcss-modules-scope/-/postcss-modules-scope-1.1.0.tgz#d6ea64994c79f97b62a72b426fbe6056a194bb90"
    dependencies:
      css-selector-tokenizer "^0.7.0"
      postcss "^6.0.1"
  
  postcss-modules-values@^1.1.0:
    version "1.3.0"
    resolved "https://registry.yarnpkg.com/postcss-modules-values/-/postcss-modules-values-1.3.0.tgz#ecffa9d7e192518389f42ad0e83f72aec456ea20"
    dependencies:
      icss-replace-symbols "^1.1.0"
      postcss "^6.0.1"
  
  postcss-normalize-charset@^1.1.0:
    version "1.1.1"
    resolved "https://registry.yarnpkg.com/postcss-normalize-charset/-/postcss-normalize-charset-1.1.1.tgz#ef9ee71212d7fe759c78ed162f61ed62b5cb93f1"
    dependencies:
      postcss "^5.0.5"
  
  postcss-normalize-url@^3.0.7:
    version "3.0.8"
    resolved "https://registry.yarnpkg.com/postcss-normalize-url/-/postcss-normalize-url-3.0.8.tgz#108f74b3f2fcdaf891a2ffa3ea4592279fc78222"
    dependencies:
      is-absolute-url "^2.0.0"
      normalize-url "^1.4.0"
      postcss "^5.0.14"
      postcss-value-parser "^3.2.3"
  
  postcss-ordered-values@^2.1.0:
    version "2.2.3"
    resolved "https://registry.yarnpkg.com/postcss-ordered-values/-/postcss-ordered-values-2.2.3.tgz#eec6c2a67b6c412a8db2042e77fe8da43f95c11d"
    dependencies:
      postcss "^5.0.4"
      postcss-value-parser "^3.0.1"
  
  postcss-reduce-idents@^2.2.2:
    version "2.4.0"
    resolved "https://registry.yarnpkg.com/postcss-reduce-idents/-/postcss-reduce-idents-2.4.0.tgz#c2c6d20cc958284f6abfbe63f7609bf409059ad3"
    dependencies:
      postcss "^5.0.4"
      postcss-value-parser "^3.0.2"
  
  postcss-reduce-initial@^1.0.0:
    version "1.0.1"
    resolved "https://registry.yarnpkg.com/postcss-reduce-initial/-/postcss-reduce-initial-1.0.1.tgz#68f80695f045d08263a879ad240df8dd64f644ea"
    dependencies:
      postcss "^5.0.4"
  
  postcss-reduce-transforms@^1.0.3:
    version "1.0.4"
    resolved "https://registry.yarnpkg.com/postcss-reduce-transforms/-/postcss-reduce-transforms-1.0.4.tgz#ff76f4d8212437b31c298a42d2e1444025771ae1"
    dependencies:
      has "^1.0.1"
      postcss "^5.0.8"
      postcss-value-parser "^3.0.1"
  
  postcss-selector-parser@^2.0.0, postcss-selector-parser@^2.2.2:
    version "2.2.3"
    resolved "https://registry.yarnpkg.com/postcss-selector-parser/-/postcss-selector-parser-2.2.3.tgz#f9437788606c3c9acee16ffe8d8b16297f27bb90"
    dependencies:
      flatten "^1.0.2"
      indexes-of "^1.0.1"
      uniq "^1.0.1"
  
  postcss-svgo@^2.1.1:
    version "2.1.6"
    resolved "https://registry.yarnpkg.com/postcss-svgo/-/postcss-svgo-2.1.6.tgz#b6df18aa613b666e133f08adb5219c2684ac108d"
    dependencies:
      is-svg "^2.0.0"
      postcss "^5.0.14"
      postcss-value-parser "^3.2.3"
      svgo "^0.7.0"
  
  postcss-unique-selectors@^2.0.2:
    version "2.0.2"
    resolved "https://registry.yarnpkg.com/postcss-unique-selectors/-/postcss-unique-selectors-2.0.2.tgz#981d57d29ddcb33e7b1dfe1fd43b8649f933ca1d"
    dependencies:
      alphanum-sort "^1.0.1"
      postcss "^5.0.4"
      uniqs "^2.0.0"
  
  postcss-value-parser@^3.0.1, postcss-value-parser@^3.0.2, postcss-value-parser@^3.1.1, postcss-value-parser@^3.1.2, postcss-value-parser@^3.2.3, postcss-value-parser@^3.3.0:
    version "3.3.0"
    resolved "https://registry.yarnpkg.com/postcss-value-parser/-/postcss-value-parser-3.3.0.tgz#87f38f9f18f774a4ab4c8a232f5c5ce8872a9d15"
  
  postcss-zindex@^2.0.1:
    version "2.2.0"
    resolved "https://registry.yarnpkg.com/postcss-zindex/-/postcss-zindex-2.2.0.tgz#d2109ddc055b91af67fc4cb3b025946639d2af22"
    dependencies:
      has "^1.0.1"
      postcss "^5.0.4"
      uniqs "^2.0.0"
  
  postcss@^5.0.10, postcss@^5.0.11, postcss@^5.0.12, postcss@^5.0.13, postcss@^5.0.14, postcss@^5.0.16, postcss@^5.0.2, postcss@^5.0.4, postcss@^5.0.5, postcss@^5.0.6, postcss@^5.0.8, postcss@^5.2.16:
    version "5.2.17"
    resolved "https://registry.yarnpkg.com/postcss/-/postcss-5.2.17.tgz#cf4f597b864d65c8a492b2eabe9d706c879c388b"
    dependencies:
      chalk "^1.1.3"
      js-base64 "^2.1.9"
      source-map "^0.5.6"
      supports-color "^3.2.3"
  
  postcss@^6.0.1, postcss@^6.0.2, postcss@^6.0.4:
    version "6.0.4"
    resolved "https://registry.yarnpkg.com/postcss/-/postcss-6.0.4.tgz#573acddf73f42ecb24aa618d40ee3d5a7c04a654"
    dependencies:
      chalk "^2.0.1"
      source-map "^0.5.6"
      supports-color "^4.0.0"
  
  prepend-http@^1.0.0:
    version "1.0.4"
    resolved "https://registry.yarnpkg.com/prepend-http/-/prepend-http-1.0.4.tgz#d4f4562b0ce3696e41ac52d0e002e57a635dc6dc"
  
  pretty-error@^2.0.2:
    version "2.1.1"
    resolved "https://registry.yarnpkg.com/pretty-error/-/pretty-error-2.1.1.tgz#5f4f87c8f91e5ae3f3ba87ab4cf5e03b1a17f1a3"
    dependencies:
      renderkid "^2.0.1"
      utila "~0.4"
  
  promise@^7.1.1:
    version "7.3.1"
    resolved "https://registry.yarnpkg.com/promise/-/promise-7.3.1.tgz#064b72602b18f90f29192b8b1bc418ffd1ebd3bf"
    dependencies:
      asap "~2.0.3"
  
  prr@~0.0.0:
    version "0.0.0"
    resolved "https://registry.yarnpkg.com/prr/-/prr-0.0.0.tgz#1a84b85908325501411853d0081ee3fa86e2926a"
  
  punycode@^1.4.1:
    version "1.4.1"
    resolved "https://registry.yarnpkg.com/punycode/-/punycode-1.4.1.tgz#c0d5a63b2718800ad8e1eb0fa5269c84dd41845e"
  
  q@^1.1.2:
    version "1.5.0"
    resolved "https://registry.yarnpkg.com/q/-/q-1.5.0.tgz#dd01bac9d06d30e6f219aecb8253ee9ebdc308f1"
  
  qs@~6.4.0:
    version "6.4.0"
    resolved "https://registry.yarnpkg.com/qs/-/qs-6.4.0.tgz#13e26d28ad6b0ffaa91312cd3bf708ed351e7233"
  
  query-string@^4.1.0:
    version "4.3.4"
    resolved "https://registry.yarnpkg.com/query-string/-/query-string-4.3.4.tgz#bbb693b9ca915c232515b228b1a02b609043dbeb"
    dependencies:
      object-assign "^4.1.0"
      strict-uri-encode "^1.0.0"
  
  readable-stream@1.0:
    version "1.0.34"
    resolved "https://registry.yarnpkg.com/readable-stream/-/readable-stream-1.0.34.tgz#125820e34bc842d2f2aaafafe4c2916ee32c157c"
    dependencies:
      core-util-is "~1.0.0"
      inherits "~2.0.1"
      isarray "0.0.1"
      string_decoder "~0.10.x"
  
  reduce-css-calc@^1.2.6:
    version "1.3.0"
    resolved "https://registry.yarnpkg.com/reduce-css-calc/-/reduce-css-calc-1.3.0.tgz#747c914e049614a4c9cfbba629871ad1d2927716"
    dependencies:
      balanced-match "^0.4.2"
      math-expression-evaluator "^1.2.14"
      reduce-function-call "^1.0.1"
  
  reduce-function-call@^1.0.1:
    version "1.0.2"
    resolved "https://registry.yarnpkg.com/reduce-function-call/-/reduce-function-call-1.0.2.tgz#5a200bf92e0e37751752fe45b0ab330fd4b6be99"
    dependencies:
      balanced-match "^0.4.2"
  
  regenerate@^1.2.1:
    version "1.3.2"
    resolved "https://registry.yarnpkg.com/regenerate/-/regenerate-1.3.2.tgz#d1941c67bad437e1be76433add5b385f95b19260"
  
  regexpu-core@^1.0.0:
    version "1.0.0"
    resolved "https://registry.yarnpkg.com/regexpu-core/-/regexpu-core-1.0.0.tgz#86a763f58ee4d7c2f6b102e4764050de7ed90c6b"
    dependencies:
      regenerate "^1.2.1"
      regjsgen "^0.2.0"
      regjsparser "^0.1.4"
  
  regjsgen@^0.2.0:
    version "0.2.0"
    resolved "https://registry.yarnpkg.com/regjsgen/-/regjsgen-0.2.0.tgz#6c016adeac554f75823fe37ac05b92d5a4edb1f7"
  
  regjsparser@^0.1.4:
    version "0.1.5"
    resolved "https://registry.yarnpkg.com/regjsparser/-/regjsparser-0.1.5.tgz#7ee8f84dc6fa792d3fd0ae228d24bd949ead205c"
    dependencies:
      jsesc "~0.5.0"
  
  relateurl@0.2.x:
    version "0.2.7"
    resolved "https://registry.yarnpkg.com/relateurl/-/relateurl-0.2.7.tgz#54dbf377e51440aca90a4cd274600d3ff2d888a9"
  
  renderkid@^2.0.1:
    version "2.0.1"
    resolved "https://registry.yarnpkg.com/renderkid/-/renderkid-2.0.1.tgz#898cabfc8bede4b7b91135a3ffd323e58c0db319"
    dependencies:
      css-select "^1.1.0"
      dom-converter "~0.1"
      htmlparser2 "~3.3.0"
      strip-ansi "^3.0.0"
      utila "~0.3"
  
  request@^2.72.0:
    version "2.81.0"
    resolved "https://registry.yarnpkg.com/request/-/request-2.81.0.tgz#c6928946a0e06c5f8d6f8a9333469ffda46298a0"
    dependencies:
      aws-sign2 "~0.6.0"
      aws4 "^1.2.1"
      caseless "~0.12.0"
      combined-stream "~1.0.5"
      extend "~3.0.0"
      forever-agent "~0.6.1"
      form-data "~2.1.1"
      har-validator "~4.2.1"
      hawk "~3.1.3"
      http-signature "~1.1.0"
      is-typedarray "~1.0.0"
      isstream "~0.1.2"
      json-stringify-safe "~5.0.1"
      mime-types "~2.1.7"
      oauth-sign "~0.8.1"
      performance-now "^0.2.0"
      qs "~6.4.0"
      safe-buffer "^5.0.1"
      stringstream "~0.0.4"
      tough-cookie "~2.3.0"
      tunnel-agent "^0.6.0"
      uuid "^3.0.0"
  
  require-from-string@^1.1.0:
    version "1.2.1"
    resolved "https://registry.yarnpkg.com/require-from-string/-/require-from-string-1.2.1.tgz#529c9ccef27380adfec9a2f965b649bbee636418"
  
  rimraf@~2.5.1:
    version "2.5.4"
    resolved "https://registry.yarnpkg.com/rimraf/-/rimraf-2.5.4.tgz#96800093cbf1a0c86bd95b4625467535c29dfa04"
    dependencies:
      glob "^7.0.5"
  
  safe-buffer@^5.0.1:
    version "5.1.1"
    resolved "https://registry.yarnpkg.com/safe-buffer/-/safe-buffer-5.1.1.tgz#893312af69b2123def71f57889001671eeb2c853"
  
  sax@~1.2.1:
    version "1.2.4"
    resolved "https://registry.yarnpkg.com/sax/-/sax-1.2.4.tgz#2816234e2378bddc4e5354fab5caa895df7100d9"
  
  schema-utils@^0.3.0:
    version "0.3.0"
    resolved "https://registry.yarnpkg.com/schema-utils/-/schema-utils-0.3.0.tgz#f5877222ce3e931edae039f17eb3716e7137f8cf"
    dependencies:
      ajv "^5.0.0"
  
  sntp@1.x.x:
    version "1.0.9"
    resolved "https://registry.yarnpkg.com/sntp/-/sntp-1.0.9.tgz#6541184cc90aeea6c6e7b35e2659082443c66198"
    dependencies:
      hoek "2.x.x"
  
  sort-keys@^1.0.0:
    version "1.1.2"
    resolved "https://registry.yarnpkg.com/sort-keys/-/sort-keys-1.1.2.tgz#441b6d4d346798f1b4e49e8920adfba0e543f9ad"
    dependencies:
      is-plain-obj "^1.0.0"
  
  source-list-map@^0.1.7:
    version "0.1.8"
    resolved "https://registry.yarnpkg.com/source-list-map/-/source-list-map-0.1.8.tgz#c550b2ab5427f6b3f21f5afead88c4f5587b2106"
  
  source-list-map@^2.0.0:
    version "2.0.0"
    resolved "https://registry.yarnpkg.com/source-list-map/-/source-list-map-2.0.0.tgz#aaa47403f7b245a92fbc97ea08f250d6087ed085"
  
  source-map@^0.5.3, source-map@^0.5.6, source-map@~0.5.1, source-map@~0.5.3, source-map@0.5.x:
    version "0.5.6"
    resolved "https://registry.yarnpkg.com/source-map/-/source-map-0.5.6.tgz#75ce38f52bf0733c5a7f0c118d81334a2bb5f412"
  
  source-map@~0.1.38:
    version "0.1.43"
    resolved "https://registry.yarnpkg.com/source-map/-/source-map-0.1.43.tgz#c24bc146ca517c1471f5dacbe2571b2b7f9e3346"
    dependencies:
      amdefine ">=0.0.4"
  
  sprintf-js@~1.0.2:
    version "1.0.3"
    resolved "https://registry.yarnpkg.com/sprintf-js/-/sprintf-js-1.0.3.tgz#04e6926f662895354f3dd015203633b857297e2c"
  
  sshpk@^1.7.0:
    version "1.13.1"
    resolved "https://registry.yarnpkg.com/sshpk/-/sshpk-1.13.1.tgz#512df6da6287144316dc4c18fe1cf1d940739be3"
    dependencies:
      asn1 "~0.2.3"
      assert-plus "^1.0.0"
      dashdash "^1.12.0"
      getpass "^0.1.1"
    optionalDependencies:
      bcrypt-pbkdf "^1.0.0"
      ecc-jsbn "~0.1.1"
      jsbn "~0.1.0"
      tweetnacl "~0.14.0"
  
  strict-uri-encode@^1.0.0:
    version "1.1.0"
    resolved "https://registry.yarnpkg.com/strict-uri-encode/-/strict-uri-encode-1.1.0.tgz#279b225df1d582b1f54e65addd4352e18faa0713"
  
  string_decoder@~0.10.x:
    version "0.10.31"
    resolved "https://registry.yarnpkg.com/string_decoder/-/string_decoder-0.10.31.tgz#62e203bc41766c6c28c9fc84301dab1c5310fa94"
  
  string-replace-webpack-plugin@^0.1.3:
    version "0.1.3"
    resolved "https://registry.yarnpkg.com/string-replace-webpack-plugin/-/string-replace-webpack-plugin-0.1.3.tgz#73c657e759d66cfe80ae1e0cf091aa256d0e715c"
    dependencies:
      async "~0.2.10"
      loader-utils "~0.2.3"
    optionalDependencies:
      css-loader "^0.9.1"
      file-loader "^0.8.1"
      style-loader "^0.8.3"
  
  stringstream@~0.0.4:
    version "0.0.5"
    resolved "https://registry.yarnpkg.com/stringstream/-/stringstream-0.0.5.tgz#4e484cd4de5a0bbbee18e46307710a8a81621878"
  
  strip-ansi@^3.0.0:
    version "3.0.1"
    resolved "https://registry.yarnpkg.com/strip-ansi/-/strip-ansi-3.0.1.tgz#6a385fb8853d952d5ff05d0e8aaf94278dc63dcf"
    dependencies:
      ansi-regex "^2.0.0"
  
  style-loader:
    version "0.18.2"
    resolved "https://registry.yarnpkg.com/style-loader/-/style-loader-0.18.2.tgz#cc31459afbcd6d80b7220ee54b291a9fd66ff5eb"
    dependencies:
      loader-utils "^1.0.2"
      schema-utils "^0.3.0"
  
  style-loader@^0.8.3:
    version "0.8.3"
    resolved "https://registry.yarnpkg.com/style-loader/-/style-loader-0.8.3.tgz#f4f92eb7db63768748f15065cd6700f5a1c85357"
    dependencies:
      loader-utils "^0.2.5"
  
  supports-color@^2.0.0:
    version "2.0.0"
    resolved "https://registry.yarnpkg.com/supports-color/-/supports-color-2.0.0.tgz#535d045ce6b6363fa40117084629995e9df324c7"
  
  supports-color@^3.2.3:
    version "3.2.3"
    resolved "https://registry.yarnpkg.com/supports-color/-/supports-color-3.2.3.tgz#65ac0504b3954171d8a64946b2ae3cbb8a5f54f6"
    dependencies:
      has-flag "^1.0.0"
  
  supports-color@^4.0.0:
    version "4.1.0"
    resolved "https://registry.yarnpkg.com/supports-color/-/supports-color-4.1.0.tgz#92cc14bb3dad8928ca5656c33e19a19f20af5c7a"
    dependencies:
      has-flag "^2.0.0"
  
  svgo@^0.7.0:
    version "0.7.2"
    resolved "https://registry.yarnpkg.com/svgo/-/svgo-0.7.2.tgz#9f5772413952135c6fefbf40afe6a4faa88b4bb5"
    dependencies:
      coa "~1.0.1"
      colors "~1.1.2"
      csso "~2.3.1"
      js-yaml "~3.7.0"
      mkdirp "~0.5.1"
      sax "~1.2.1"
      whet.extend "~0.9.9"
  
  toposort@^1.0.0:
    version "1.0.3"
    resolved "https://registry.yarnpkg.com/toposort/-/toposort-1.0.3.tgz#f02cd8a74bd8be2fc0e98611c3bacb95a171869c"
  
  tough-cookie@~2.3.0:
    version "2.3.2"
    resolved "https://registry.yarnpkg.com/tough-cookie/-/tough-cookie-2.3.2.tgz#f081f76e4c85720e6c37a5faced737150d84072a"
    dependencies:
      punycode "^1.4.1"
  
  tunnel-agent@^0.6.0:
    version "0.6.0"
    resolved "https://registry.yarnpkg.com/tunnel-agent/-/tunnel-agent-0.6.0.tgz#27a5dea06b36b04a0a9966774b290868f0fc40fd"
    dependencies:
      safe-buffer "^5.0.1"
  
  tweetnacl@^0.14.3, tweetnacl@~0.14.0:
    version "0.14.5"
    resolved "https://registry.yarnpkg.com/tweetnacl/-/tweetnacl-0.14.5.tgz#5ae68177f192d4456269d108afa93ff8743f4f64"
  
  uglify-js@3.0.x:
    version "3.0.23"
    resolved "https://registry.yarnpkg.com/uglify-js/-/uglify-js-3.0.23.tgz#a58c6b97e6d6763d94dbc265fe8e8c1725e64666"
    dependencies:
      commander "~2.9.0"
      source-map "~0.5.1"
  
  uniq@^1.0.1:
    version "1.0.1"
    resolved "https://registry.yarnpkg.com/uniq/-/uniq-1.0.1.tgz#b31c5ae8254844a3a8281541ce2b04b865a734ff"
  
  uniqid@^4.0.0:
    version "4.1.1"
    resolved "https://registry.yarnpkg.com/uniqid/-/uniqid-4.1.1.tgz#89220ddf6b751ae52b5f72484863528596bb84c1"
    dependencies:
      macaddress "^0.2.8"
  
  uniqs@^2.0.0:
    version "2.0.0"
    resolved "https://registry.yarnpkg.com/uniqs/-/uniqs-2.0.0.tgz#ffede4b36b25290696e6e165d4a59edb998e6b02"
  
  upper-case@^1.1.1:
    version "1.1.3"
    resolved "https://registry.yarnpkg.com/upper-case/-/upper-case-1.1.3.tgz#f6b4501c2ec4cdd26ba78be7222961de77621598"
  
  utila@~0.3:
    version "0.3.3"
    resolved "https://registry.yarnpkg.com/utila/-/utila-0.3.3.tgz#d7e8e7d7e309107092b05f8d9688824d633a4226"
  
  utila@~0.4:
    version "0.4.0"
    resolved "https://registry.yarnpkg.com/utila/-/utila-0.4.0.tgz#8a16a05d445657a3aea5eecc5b12a4fa5379772c"
  
  uuid@^3.0.0:
    version "3.1.0"
    resolved "https://registry.yarnpkg.com/uuid/-/uuid-3.1.0.tgz#3dd3d3e790abc24d7b0d3a034ffababe28ebbc04"
  
  vendors@^1.0.0:
    version "1.0.1"
    resolved "https://registry.yarnpkg.com/vendors/-/vendors-1.0.1.tgz#37ad73c8ee417fb3d580e785312307d274847f22"
  
  verror@1.3.6:
    version "1.3.6"
    resolved "https://registry.yarnpkg.com/verror/-/verror-1.3.6.tgz#cff5df12946d297d2baaefaa2689e25be01c005c"
    dependencies:
      extsprintf "1.0.2"
  
  webpack-sources@^1.0.1:
    version "1.0.1"
    resolved "https://registry.yarnpkg.com/webpack-sources/-/webpack-sources-1.0.1.tgz#c7356436a4d13123be2e2426a05d1dad9cbe65cf"
    dependencies:
      source-list-map "^2.0.0"
      source-map "~0.5.3"
  
  whet.extend@~0.9.9:
    version "0.9.9"
    resolved "https://registry.yarnpkg.com/whet.extend/-/whet.extend-0.9.9.tgz#f877d5bf648c97e5aa542fadc16d6a259b9c11a1"
  
  wrappy@1:
    version "1.0.2"
    resolved "https://registry.yarnpkg.com/wrappy/-/wrappy-1.0.2.tgz#b5243d8f3ec1aa35f1364605bc0d1036e30ab69f"
  
  xml-char-classes@^1.0.0:
    version "1.0.0"
    resolved "https://registry.yarnpkg.com/xml-char-classes/-/xml-char-classes-1.0.0.tgz#64657848a20ffc5df583a42ad8a277b4512bbc4d"

Trace: 
  Error: connect ETIMEDOUT 104.16.62.173:443
      at Object.exports._errnoException (util.js:893:11)
      at exports._exceptionWithHostPort (util.js:916:20)
      at TCPConnectWrap.afterConnect [as oncomplete] (net.js:1075:14)
